#
# A fatal error has been detected by the Java Runtime Environment:
#
#  SIGBUS (0xa) at pc=0x00000001058f8e92, pid=35564, tid=0x000000000000da07
#
# JRE version: Java(TM) SE Runtime Environment (8.0_101-b13) (build 1.8.0_101-b13)
# Java VM: Java HotSpot(TM) 64-Bit Server VM (25.101-b13 mixed mode bsd-amd64 compressed oops)
# Problematic frame:
# C  [libzip.dylib+0x2e92]  newEntry+0x154
#
# Failed to write core dump. Core dumps have been disabled. To enable core dumping, try "ulimit -c unlimited" before starting Java again
#
# If you would like to submit a bug report, please visit:
#   http://bugreport.java.com/bugreport/crash.jsp
# The crash happened outside the Java Virtual Machine in native code.
# See problematic frame for where to report the bug.
#

---------------  T H R E A D  ---------------

Current thread (0x00007f93bd96e000):  JavaThread "Thread-6" [_thread_in_native, id=55815, stack(0x000070000d365000,0x000070000d465000)]

siginfo: si_signo: 10 (SIGBUS), si_code: 2 (BUS_ADRERR), si_addr: 0x000000012017723a

Registers:
RAX=0x00007f93c31482b0, RBX=0x000000012017722e, RCX=0x0000000000000001, RDX=0x0000000002000000
RSP=0x000070000d463b00, RBP=0x000070000d463b60, RSI=0x00000000fe1fffff, RDI=0x000000000000037d
R8 =0x000000003c3037d9, R9 =0x0000000000000004, R10=0x00000000fe000000, R11=0x00007f93c3000000
R12=0x00007f93c31483f0, R13=0x00000000000000b0, R14=0x00000000135fd88b, R15=0x00007f93c3037d90
RIP=0x00000001058f8e92, EFLAGS=0x0000000000010206, ERR=0x0000000000000004
  TRAPNO=0x000000000000000e

Top of Stack: (sp=0x000070000d463b00)
0x000070000d463b00:   000070000d463bc8 000000000d463d78
0x000070000d463b10:   000070000000000a 000000010c033530
0x000070000d463b20:   000070000d463b40 00007f93c31482b0
0x000070000d463b30:   00007f93c3037d40 00007f93c31482b0
0x000070000d463b40:   00007f93c31483f0 00000000000000b0
0x000070000d463b50:   00000000135fd88b 00007f93c3037d90
0x000070000d463b60:   000070000d463bc0 00000001058f952d
0x000070000d463b70:   000070000d463bf7 000070000d463bf6
0x000070000d463b80:   0000001700000000 000000180096e000
0x000070000d463b90:   000070000d463bde 000070000d464028
0x000070000d463ba0:   0000000000000018 000070000d463bde
0x000070000d463bb0:   00007f93c31482b0 00007f93bd96e1f8
0x000070000d463bc0:   000070000d464010 00000001058f8238
0x000070000d463bd0:   00007f93c3358b70 6c78000100000000
0x000070000d463be0:   6568736b726f772f 656568732f737465
0x000070000d463bf0:   00006c6d782e3274 000070000d463fc0
0x000070000d463c00:   000070000d463d70 000000010c033530
0x000070000d463c10:   00007f93bd96e000 000000010c033530
0x000070000d463c20:   00007f93bd96e000 000000010c033530
0x000070000d463c30:   00007f93bd96e000 000000010c033530
0x000070000d463c40:   000070000d463db0 000000010c033530
0x000070000d463c50:   000070000d4643e0 00007f93bd96e000
0x000070000d463c60:   0000000000000009 000000010c033530
0x000070000d463c70:   000070000d463ef0 000000010ff62838
0x000070000d463c80:   000070000d463d40 000000010c033530
0x000070000d463c90:   00007f93c3180148 000000010c033530
0x000070000d463ca0:   000000010f8196a0 00000001064bff74
0x000070000d463cb0:   000000010c033530 00007f93bd96e000
0x000070000d463cc0:   000070000d463d80 000000010c22cfe0
0x000070000d463cd0:   00007f93c3180148 00000007406ec790
0x000070000d463ce0:   000070000d463dc0 00000001064bff74
0x000070000d463cf0:   000000010c033530 000007e3bd96e000 

Instructions: (pc=0x00000001058f8e92)
0x00000001058f8e72:   49 8b 7f 38 e8 5b 1b 00 00 4d 89 77 38 49 89 5f
0x00000001058f8e82:   40 4c 89 f0 48 85 c0 0f 84 11 05 00 00 48 89 c3
0x00000001058f8e92:   0f b6 43 0c 0f b6 4b 0d 48 c1 e1 08 48 01 c1 0f
0x00000001058f8ea2:   b6 43 0e 0f b6 53 0f 48 c1 e2 08 48 01 c2 48 c1 

Register to memory mapping:

RAX=0x00007f93c31482b0 is an unknown value
RBX=0x000000012017722e is an unknown value
RCX=0x0000000000000001 is an unknown value
RDX=0x0000000002000000 is an unknown value
RSP=0x000070000d463b00 is pointing into the stack for thread: 0x00007f93bd96e000
RBP=0x000070000d463b60 is pointing into the stack for thread: 0x00007f93bd96e000
RSI=0x00000000fe1fffff is an unknown value
RDI=0x000000000000037d is an unknown value
R8 =0x000000003c3037d9 is an unknown value
R9 =0x0000000000000004 is an unknown value
R10=0x00000000fe000000 is an unknown value
R11=0x00007f93c3000000 is an unknown value
R12=0x00007f93c31483f0 is an unknown value
R13=0x00000000000000b0 is an unknown value
R14=0x00000000135fd88b is an unknown value
R15=0x00007f93c3037d90 is an unknown value


Stack: [0x000070000d365000,0x000070000d465000],  sp=0x000070000d463b00,  free space=1018k
Native frames: (J=compiled Java code, j=interpreted, Vv=VM code, C=native code)
C  [libzip.dylib+0x2e92]  newEntry+0x154
C  [libzip.dylib+0x352d]  ZIP_GetEntry2+0xd4
C  [libzip.dylib+0x2238]  Java_java_util_zip_ZipFile_getEntry+0xcf
J 353  java.util.zip.ZipFile.getEntry(J[BZ)J (0 bytes) @ 0x000000010f996e0e [0x000000010f996d40+0xce]
J 380 C1 java.util.zip.ZipFile.getInputStream(Ljava/util/zip/ZipEntry;)Ljava/io/InputStream; (304 bytes) @ 0x000000010f9adc4c [0x000000010f9ad8c0+0x38c]
j  org.apache.poi.openxml4j.util.ZipSecureFile.getInputStream(Ljava/util/zip/ZipEntry;)Ljava/io/InputStream;+2
j  org.apache.poi.openxml4j.util.ZipFileZipEntrySource.getInputStream(Ljava/util/zip/ZipEntry;)Ljava/io/InputStream;+22
j  org.apache.poi.openxml4j.opc.ZipPackagePart.getInputStreamImpl()Ljava/io/InputStream;+14
j  org.apache.poi.openxml4j.opc.PackagePart.getInputStream()Ljava/io/InputStream;+1
j  org.apache.poi.openxml4j.opc.internal.marshallers.ZipPartMarshaller.marshall(Lorg/apache/poi/openxml4j/opc/PackagePart;Ljava/io/OutputStream;)Z+121
j  org.apache.poi.openxml4j.opc.ZipPackagePart.save(Ljava/io/OutputStream;)Z+9
j  org.apache.poi.openxml4j.opc.internal.marshallers.DefaultMarshaller.marshall(Lorg/apache/poi/openxml4j/opc/PackagePart;Ljava/io/OutputStream;)Z+2
j  org.apache.poi.openxml4j.opc.ZipPackage.saveImpl(Ljava/io/OutputStream;)V+380
j  org.apache.poi.openxml4j.opc.OPCPackage.save(Ljava/io/OutputStream;)V+6
j  org.apache.poi.openxml4j.opc.OPCPackage.save(Ljava/io/File;)V+64
j  org.apache.poi.openxml4j.opc.ZipPackage.closeImpl()V+71
j  org.apache.poi.openxml4j.opc.OPCPackage.close()V+138
j  org.apache.poi.POIXMLDocument.close()V+34
j  ActivityData.loadExcel(Ljava/io/File;)V+630
j  Main$1.lambda$0(Ljava/io/File;Ljavafx/scene/control/Button;Ljavafx/scene/layout/VBox;Ljavafx/scene/layout/HBox;)V+1
j  Main$1$$Lambda$203.run()V+20
j  java.lang.Thread.run()V+11
v  ~StubRoutines::call_stub
V  [libjvm.dylib+0x2ecf06]
V  [libjvm.dylib+0x2ed694]
V  [libjvm.dylib+0x2ed840]
V  [libjvm.dylib+0x348029]
V  [libjvm.dylib+0x5695ab]
V  [libjvm.dylib+0x56ac98]
V  [libjvm.dylib+0x48933a]
C  [libsystem_pthread.dylib+0x3661]  _pthread_body+0x154
C  [libsystem_pthread.dylib+0x350d]  _pthread_body+0x0
C  [libsystem_pthread.dylib+0x2bf9]  thread_start+0xd
C  0x0000000000000000

Java frames: (J=compiled Java code, j=interpreted, Vv=VM code)
J 353  java.util.zip.ZipFile.getEntry(J[BZ)J (0 bytes) @ 0x000000010f996d98 [0x000000010f996d40+0x58]
J 380 C1 java.util.zip.ZipFile.getInputStream(Ljava/util/zip/ZipEntry;)Ljava/io/InputStream; (304 bytes) @ 0x000000010f9adc4c [0x000000010f9ad8c0+0x38c]
j  org.apache.poi.openxml4j.util.ZipSecureFile.getInputStream(Ljava/util/zip/ZipEntry;)Ljava/io/InputStream;+2
j  org.apache.poi.openxml4j.util.ZipFileZipEntrySource.getInputStream(Ljava/util/zip/ZipEntry;)Ljava/io/InputStream;+22
j  org.apache.poi.openxml4j.opc.ZipPackagePart.getInputStreamImpl()Ljava/io/InputStream;+14
j  org.apache.poi.openxml4j.opc.PackagePart.getInputStream()Ljava/io/InputStream;+1
j  org.apache.poi.openxml4j.opc.internal.marshallers.ZipPartMarshaller.marshall(Lorg/apache/poi/openxml4j/opc/PackagePart;Ljava/io/OutputStream;)Z+121
j  org.apache.poi.openxml4j.opc.ZipPackagePart.save(Ljava/io/OutputStream;)Z+9
j  org.apache.poi.openxml4j.opc.internal.marshallers.DefaultMarshaller.marshall(Lorg/apache/poi/openxml4j/opc/PackagePart;Ljava/io/OutputStream;)Z+2
j  org.apache.poi.openxml4j.opc.ZipPackage.saveImpl(Ljava/io/OutputStream;)V+380
j  org.apache.poi.openxml4j.opc.OPCPackage.save(Ljava/io/OutputStream;)V+6
j  org.apache.poi.openxml4j.opc.OPCPackage.save(Ljava/io/File;)V+64
j  org.apache.poi.openxml4j.opc.ZipPackage.closeImpl()V+71
j  org.apache.poi.openxml4j.opc.OPCPackage.close()V+138
j  org.apache.poi.POIXMLDocument.close()V+34
j  ActivityData.loadExcel(Ljava/io/File;)V+630
j  Main$1.lambda$0(Ljava/io/File;Ljavafx/scene/control/Button;Ljavafx/scene/layout/VBox;Ljavafx/scene/layout/HBox;)V+1
j  Main$1$$Lambda$203.run()V+20
j  java.lang.Thread.run()V+11
v  ~StubRoutines::call_stub

---------------  P R O C E S S  ---------------

Java Threads: ( => current thread )
=>0x00007f93bd96e000 JavaThread "Thread-6" [_thread_in_native, id=55815, stack(0x000070000d365000,0x000070000d465000)]
  0x00007f93beabb800 JavaThread "Thread-5" [_thread_in_Java, id=74807, stack(0x000070000d262000,0x000070000d362000)]
  0x00007f93bf0d4000 JavaThread "Prism Font Disposer" daemon [_thread_blocked, id=80707, stack(0x000070000d0dc000,0x000070000d1dc000)]
  0x00007f93bf0ad800 JavaThread "JavaFX-Launcher" [_thread_blocked, id=83715, stack(0x000070000ced3000,0x000070000cfd3000)]
  0x00007f93bda0e800 JavaThread "Thread-3" daemon [_thread_in_native, id=33539, stack(0x000070000cdcd000,0x000070000ce4d000)]
  0x00007f93be0fa800 JavaThread "JavaFX Application Thread" [_thread_in_native, id=775, stack(0x00007ffee9bd0000,0x00007ffeea3d0000)]
  0x00007f93bd9c5000 JavaThread "Thread-1" daemon [_thread_blocked, id=40715, stack(0x000070000ccca000,0x000070000cdca000)]
  0x00007f93be86b000 JavaThread "QuantumRenderer-0" daemon [_thread_blocked, id=14595, stack(0x000070000cbc7000,0x000070000ccc7000)]
  0x00007f93bf037000 JavaThread "Service Thread" daemon [_thread_blocked, id=17155, stack(0x000070000c9c1000,0x000070000cac1000)]
  0x00007f93bf036000 JavaThread "C1 CompilerThread2" daemon [_thread_blocked, id=17411, stack(0x000070000c8be000,0x000070000c9be000)]
  0x00007f93be030800 JavaThread "C2 CompilerThread1" daemon [_thread_in_native, id=17923, stack(0x000070000c7bb000,0x000070000c8bb000)]
  0x00007f93bd851000 JavaThread "C2 CompilerThread0" daemon [_thread_in_native, id=18435, stack(0x000070000c6b8000,0x000070000c7b8000)]
  0x00007f93be026000 JavaThread "Signal Dispatcher" daemon [_thread_blocked, id=18695, stack(0x000070000c5b5000,0x000070000c6b5000)]
  0x00007f93be016000 JavaThread "Finalizer" daemon [_thread_blocked, id=12035, stack(0x000070000c4b2000,0x000070000c5b2000)]
  0x00007f93be00d800 JavaThread "Reference Handler" daemon [_thread_blocked, id=20739, stack(0x000070000c3af000,0x000070000c4af000)]
  0x00007f93bd80c000 JavaThread "main" [_thread_blocked, id=6659, stack(0x000070000bd9d000,0x000070000be9d000)]

Other Threads:
  0x00007f93bf021800 VMThread [stack: 0x000070000c2ac000,0x000070000c3ac000] [id=11523]
  0x00007f93bd852000 WatcherThread [stack: 0x000070000cac4000,0x000070000cbc4000] [id=14339]

VM state:not at safepoint (normal execution)

VM Mutex/Monitor currently owned by a thread: None

Heap:
 PSYoungGen      total 65024K, used 55314K [0x0000000795580000, 0x000000079a080000, 0x00000007c0000000)
  eden space 59904K, 83% used [0x0000000795580000,0x0000000798688228,0x0000000799000000)
  from space 5120K, 99% used [0x0000000799b80000,0x000000079a07c840,0x000000079a080000)
  to   space 5120K, 0% used [0x0000000799680000,0x0000000799680000,0x0000000799b80000)
 ParOldGen       total 52736K, used 8118K [0x0000000740000000, 0x0000000743380000, 0x0000000795580000)
  object space 52736K, 15% used [0x0000000740000000,0x00000007407ed998,0x0000000743380000)
 Metaspace       used 22286K, capacity 23024K, committed 23424K, reserved 1069056K
  class space    used 2927K, capacity 3112K, committed 3200K, reserved 1048576K

Card table byte_map: [0x000000010755d000,0x000000010795e000] byte_map_base: 0x0000000103b5d000

Marking Bits: (ParMarkBitMap*) 0x0000000106aedd20
 Begin Bits: [0x0000000107c09000, 0x0000000109c09000)
 End Bits:   [0x0000000109c09000, 0x000000010bc09000)

Polling page: 0x00000001058ac000

CodeCache: size=245760Kb used=7946Kb max_used=7946Kb free=237813Kb
 bounds [0x000000010f7d4000, 0x000000010ffa4000, 0x000000011e7d4000]
 total_blobs=3109 nmethods=2416 adapters=606
 compilation: enabled

Compilation events (10 events):
Event: 8.663 Thread 0x00007f93bf036000 2490       2       java.util.Vector::<init> (49 bytes)
Event: 8.664 Thread 0x00007f93bf036000 nmethod 2490 0x000000010ff9b010 code [0x000000010ff9b1c0, 0x000000010ff9b658]
Event: 8.664 Thread 0x00007f93bf036000 2495       2       java.net.URI$Parser::substring (10 bytes)
Event: 8.664 Thread 0x00007f93bf036000 nmethod 2495 0x000000010ff9b8d0 code [0x000000010ff9ba40, 0x000000010ff9bbc8]
Event: 8.664 Thread 0x00007f93bf036000 2494       1       sun.util.calendar.CalendarDate::getZone (5 bytes)
Event: 8.664 Thread 0x00007f93bf036000 nmethod 2494 0x000000010ff95a50 code [0x000000010ff95ba0, 0x000000010ff95cb0]
Event: 8.664 Thread 0x00007f93bf036000 2493       1       com.sun.org.apache.xerces.internal.dom.CoreDocumentImpl::changes (5 bytes)
Event: 8.664 Thread 0x00007f93bf036000 nmethod 2493 0x000000010ff9bc90 code [0x000000010ff9bde0, 0x000000010ff9bef0]
Event: 8.664 Thread 0x00007f93bf036000 2496       1       com.sun.org.apache.xerces.internal.dom.NodeImpl::getNamespaceURI (2 bytes)
Event: 8.664 Thread 0x00007f93bf036000 nmethod 2496 0x000000010ff9bf50 code [0x000000010ff9c0a0, 0x000000010ff9c1b0]

GC Heap History (10 events):
Event: 5.521 GC heap before
{Heap before GC invocations=1 (full 0):
 PSYoungGen      total 38400K, used 33280K [0x0000000795580000, 0x0000000798000000, 0x00000007c0000000)
  eden space 33280K, 100% used [0x0000000795580000,0x0000000797600000,0x0000000797600000)
  from space 5120K, 0% used [0x0000000797b00000,0x0000000797b00000,0x0000000798000000)
  to   space 5120K, 0% used [0x0000000797600000,0x0000000797600000,0x0000000797b00000)
 ParOldGen       total 87552K, used 0K [0x0000000740000000, 0x0000000745580000, 0x0000000795580000)
  object space 87552K, 0% used [0x0000000740000000,0x0000000740000000,0x0000000745580000)
 Metaspace       used 14857K, capacity 15520K, committed 15872K, reserved 1062912K
  class space    used 2059K, capacity 2240K, committed 2304K, reserved 1048576K
Event: 5.553 GC heap after
Heap after GC invocations=1 (full 0):
 PSYoungGen      total 38400K, used 4992K [0x0000000795580000, 0x0000000798000000, 0x00000007c0000000)
  eden space 33280K, 0% used [0x0000000795580000,0x0000000795580000,0x0000000797600000)
  from space 5120K, 97% used [0x0000000797600000,0x0000000797ae0158,0x0000000797b00000)
  to   space 5120K, 0% used [0x0000000797b00000,0x0000000797b00000,0x0000000798000000)
 ParOldGen       total 87552K, used 16K [0x0000000740000000, 0x0000000745580000, 0x0000000795580000)
  object space 87552K, 0% used [0x0000000740000000,0x0000000740004000,0x0000000745580000)
 Metaspace       used 14857K, capacity 15520K, committed 15872K, reserved 1062912K
  class space    used 2059K, capacity 2240K, committed 2304K, reserved 1048576K
}
Event: 6.993 GC heap before
{Heap before GC invocations=2 (full 0):
 PSYoungGen      total 38400K, used 38272K [0x0000000795580000, 0x0000000798000000, 0x00000007c0000000)
  eden space 33280K, 100% used [0x0000000795580000,0x0000000797600000,0x0000000797600000)
  from space 5120K, 97% used [0x0000000797600000,0x0000000797ae0158,0x0000000797b00000)
  to   space 5120K, 0% used [0x0000000797b00000,0x0000000797b00000,0x0000000798000000)
 ParOldGen       total 87552K, used 16K [0x0000000740000000, 0x0000000745580000, 0x0000000795580000)
  object space 87552K, 0% used [0x0000000740000000,0x0000000740004000,0x0000000745580000)
 Metaspace       used 20179K, capacity 20838K, committed 21120K, reserved 1067008K
  class space    used 2662K, capacity 2817K, committed 2944K, reserved 1048576K
Event: 7.024 GC heap after
Heap after GC invocations=2 (full 0):
 PSYoungGen      total 38400K, used 5104K [0x0000000795580000, 0x000000079a080000, 0x00000007c0000000)
  eden space 33280K, 0% used [0x0000000795580000,0x0000000795580000,0x0000000797600000)
  from space 5120K, 99% used [0x0000000797b00000,0x0000000797ffc070,0x0000000798000000)
  to   space 5120K, 0% used [0x0000000797600000,0x0000000797600000,0x0000000797b00000)
 ParOldGen       total 87552K, used 4005K [0x0000000740000000, 0x0000000745580000, 0x0000000795580000)
  object space 87552K, 4% used [0x0000000740000000,0x00000007403e95f8,0x0000000745580000)
 Metaspace       used 20179K, capacity 20838K, committed 21120K, reserved 1067008K
  class space    used 2662K, capacity 2817K, committed 2944K, reserved 1048576K
}
Event: 7.184 GC heap before
{Heap before GC invocations=3 (full 0):
 PSYoungGen      total 38400K, used 17722K [0x0000000795580000, 0x000000079a080000, 0x00000007c0000000)
  eden space 33280K, 37% used [0x0000000795580000,0x00000007961d27e8,0x0000000797600000)
  from space 5120K, 99% used [0x0000000797b00000,0x0000000797ffc070,0x0000000798000000)
  to   space 5120K, 0% used [0x0000000797600000,0x0000000797600000,0x0000000797b00000)
 ParOldGen       total 87552K, used 4005K [0x0000000740000000, 0x0000000745580000, 0x0000000795580000)
  object space 87552K, 4% used [0x0000000740000000,0x00000007403e95f8,0x0000000745580000)
 Metaspace       used 20488K, capacity 21094K, committed 21296K, reserved 1067008K
  class space    used 2709K, capacity 2881K, committed 2944K, reserved 1048576K
Event: 7.204 GC heap after
Heap after GC invocations=3 (full 0):
 PSYoungGen      total 38400K, used 5090K [0x0000000795580000, 0x000000079a080000, 0x00000007c0000000)
  eden space 33280K, 0% used [0x0000000795580000,0x0000000795580000,0x0000000797600000)
  from space 5120K, 99% used [0x0000000797600000,0x0000000797af8ae0,0x0000000797b00000)
  to   space 5120K, 0% used [0x0000000799b80000,0x0000000799b80000,0x000000079a080000)
 ParOldGen       total 87552K, used 4798K [0x0000000740000000, 0x0000000745580000, 0x0000000795580000)
  object space 87552K, 5% used [0x0000000740000000,0x00000007404afa88,0x0000000745580000)
 Metaspace       used 20488K, capacity 21094K, committed 21296K, reserved 1067008K
  class space    used 2709K, capacity 2881K, committed 2944K, reserved 1048576K
}
Event: 7.204 GC heap before
{Heap before GC invocations=4 (full 1):
 PSYoungGen      total 38400K, used 5090K [0x0000000795580000, 0x000000079a080000, 0x00000007c0000000)
  eden space 33280K, 0% used [0x0000000795580000,0x0000000795580000,0x0000000797600000)
  from space 5120K, 99% used [0x0000000797600000,0x0000000797af8ae0,0x0000000797b00000)
  to   space 5120K, 0% used [0x0000000799b80000,0x0000000799b80000,0x000000079a080000)
 ParOldGen       total 87552K, used 4798K [0x0000000740000000, 0x0000000745580000, 0x0000000795580000)
  object space 87552K, 5% used [0x0000000740000000,0x00000007404afa88,0x0000000745580000)
 Metaspace       used 20488K, capacity 21094K, committed 21296K, reserved 1067008K
  class space    used 2709K, capacity 2881K, committed 2944K, reserved 1048576K
Event: 7.281 GC heap after
Heap after GC invocations=4 (full 1):
 PSYoungGen      total 38400K, used 0K [0x0000000795580000, 0x000000079a080000, 0x00000007c0000000)
  eden space 33280K, 0% used [0x0000000795580000,0x0000000795580000,0x0000000797600000)
  from space 5120K, 0% used [0x0000000797600000,0x0000000797600000,0x0000000797b00000)
  to   space 5120K, 0% used [0x0000000799b80000,0x0000000799b80000,0x000000079a080000)
 ParOldGen       total 52736K, used 7711K [0x0000000740000000, 0x0000000743380000, 0x0000000795580000)
  object space 52736K, 14% used [0x0000000740000000,0x0000000740787c88,0x0000000743380000)
 Metaspace       used 20488K, capacity 21094K, committed 21296K, reserved 1067008K
  class space    used 2709K, capacity 2881K, committed 2944K, reserved 1048576K
}
Event: 7.799 GC heap before
{Heap before GC invocations=5 (full 1):
 PSYoungGen      total 38400K, used 33280K [0x0000000795580000, 0x000000079a080000, 0x00000007c0000000)
  eden space 33280K, 100% used [0x0000000795580000,0x0000000797600000,0x0000000797600000)
  from space 5120K, 0% used [0x0000000797600000,0x0000000797600000,0x0000000797b00000)
  to   space 5120K, 0% used [0x0000000799b80000,0x0000000799b80000,0x000000079a080000)
 ParOldGen       total 52736K, used 7711K [0x0000000740000000, 0x0000000743380000, 0x0000000795580000)
  object space 52736K, 14% used [0x0000000740000000,0x0000000740787c88,0x0000000743380000)
 Metaspace       used 21014K, capacity 21688K, committed 22016K, reserved 1069056K
  class space    used 2771K, capacity 2948K, committed 3072K, reserved 1048576K
Event: 7.823 GC heap after
Heap after GC invocations=5 (full 1):
 PSYoungGen      total 65024K, used 5106K [0x0000000795580000, 0x000000079a080000, 0x00000007c0000000)
  eden space 59904K, 0% used [0x0000000795580000,0x0000000795580000,0x0000000799000000)
  from space 5120K, 99% used [0x0000000799b80000,0x000000079a07c840,0x000000079a080000)
  to   space 5120K, 0% used [0x0000000799680000,0x0000000799680000,0x0000000799b80000)
 ParOldGen       total 52736K, used 8118K [0x0000000740000000, 0x0000000743380000, 0x0000000795580000)
  object space 52736K, 15% used [0x0000000740000000,0x00000007407ed998,0x0000000743380000)
 Metaspace       used 21014K, capacity 21688K, committed 22016K, reserved 1069056K
  class space    used 2771K, capacity 2948K, committed 3072K, reserved 1048576K
}

Deoptimization events (10 events):
Event: 8.473 Thread 0x00007f93beabb800 Uncommon trap: reason=class_check action=maybe_recompile pc=0x000000010fb719c4 method=java.util.HashMap.putVal(ILjava/lang/Object;Ljava/lang/Object;ZZ)Ljava/lang/Object; @ 253
Event: 8.473 Thread 0x00007f93beabb800 Uncommon trap: reason=class_check action=maybe_recompile pc=0x000000010fb719c4 method=java.util.HashMap.putVal(ILjava/lang/Object;Ljava/lang/Object;ZZ)Ljava/lang/Object; @ 253
Event: 8.484 Thread 0x00007f93beabb800 Uncommon trap: reason=class_check action=maybe_recompile pc=0x000000010fe31dcc method=java.util.regex.Pattern$CharProperty.match(Ljava/util/regex/Matcher;ILjava/lang/CharSequence;)Z @ 37
Event: 8.484 Thread 0x00007f93beabb800 Uncommon trap: reason=class_check action=maybe_recompile pc=0x000000010fe31dcc method=java.util.regex.Pattern$CharProperty.match(Ljava/util/regex/Matcher;ILjava/lang/CharSequence;)Z @ 37
Event: 8.484 Thread 0x00007f93beabb800 Uncommon trap: reason=class_check action=maybe_recompile pc=0x000000010fe31dcc method=java.util.regex.Pattern$CharProperty.match(Ljava/util/regex/Matcher;ILjava/lang/CharSequence;)Z @ 37
Event: 8.484 Thread 0x00007f93beabb800 Uncommon trap: reason=class_check action=maybe_recompile pc=0x000000010fe31dcc method=java.util.regex.Pattern$CharProperty.match(Ljava/util/regex/Matcher;ILjava/lang/CharSequence;)Z @ 37
Event: 8.500 Thread 0x00007f93beabb800 Uncommon trap: reason=class_check action=maybe_recompile pc=0x000000010fc28ab0 method=java.io.FilterInputStream.read([BII)I @ 7
Event: 8.500 Thread 0x00007f93beabb800 Uncommon trap: reason=class_check action=maybe_recompile pc=0x000000010fc28ab0 method=java.io.FilterInputStream.read([BII)I @ 7
Event: 8.510 Thread 0x00007f93beabb800 Uncommon trap: reason=class_check action=maybe_recompile pc=0x000000010fc28ab0 method=java.io.FilterInputStream.read([BII)I @ 7
Event: 8.510 Thread 0x00007f93beabb800 Uncommon trap: reason=class_check action=maybe_recompile pc=0x000000010fc28ab0 method=java.io.FilterInputStream.read([BII)I @ 7

Internal exceptions (10 events):
Event: 6.042 Thread 0x00007f93beabb800 Exception <a 'java/security/PrivilegedActionException'> (0x0000000795eec018) thrown at [/HUDSON3/workspace/8-2-build-macosx-x86_64/jdk8u101/7261/hotspot/src/share/vm/prims/jvm.cpp, line 1386]
Event: 6.044 Thread 0x00007f93beabb800 Exception <a 'java/security/PrivilegedActionException'> (0x0000000795efc1c8) thrown at [/HUDSON3/workspace/8-2-build-macosx-x86_64/jdk8u101/7261/hotspot/src/share/vm/prims/jvm.cpp, line 1386]
Event: 6.044 Thread 0x00007f93beabb800 Exception <a 'java/security/PrivilegedActionException'> (0x0000000795efc5c0) thrown at [/HUDSON3/workspace/8-2-build-macosx-x86_64/jdk8u101/7261/hotspot/src/share/vm/prims/jvm.cpp, line 1386]
Event: 6.045 Thread 0x00007f93beabb800 Exception <a 'java/security/PrivilegedActionException'> (0x0000000795f00e50) thrown at [/HUDSON3/workspace/8-2-build-macosx-x86_64/jdk8u101/7261/hotspot/src/share/vm/prims/jvm.cpp, line 1386]
Event: 6.045 Thread 0x00007f93beabb800 Exception <a 'java/security/PrivilegedActionException'> (0x0000000795f01248) thrown at [/HUDSON3/workspace/8-2-build-macosx-x86_64/jdk8u101/7261/hotspot/src/share/vm/prims/jvm.cpp, line 1386]
Event: 6.045 Thread 0x00007f93beabb800 Exception <a 'java/security/PrivilegedActionException'> (0x0000000795f05ca0) thrown at [/HUDSON3/workspace/8-2-build-macosx-x86_64/jdk8u101/7261/hotspot/src/share/vm/prims/jvm.cpp, line 1386]
Event: 6.045 Thread 0x00007f93beabb800 Exception <a 'java/security/PrivilegedActionException'> (0x0000000795f06098) thrown at [/HUDSON3/workspace/8-2-build-macosx-x86_64/jdk8u101/7261/hotspot/src/share/vm/prims/jvm.cpp, line 1386]
Event: 6.045 Thread 0x00007f93beabb800 Exception <a 'java/security/PrivilegedActionException'> (0x0000000795f0aaf0) thrown at [/HUDSON3/workspace/8-2-build-macosx-x86_64/jdk8u101/7261/hotspot/src/share/vm/prims/jvm.cpp, line 1386]
Event: 6.045 Thread 0x00007f93beabb800 Exception <a 'java/security/PrivilegedActionException'> (0x0000000795f0aee8) thrown at [/HUDSON3/workspace/8-2-build-macosx-x86_64/jdk8u101/7261/hotspot/src/share/vm/prims/jvm.cpp, line 1386]
Event: 7.084 Thread 0x00007f93beabb800 Implicit null exception at 0x000000010fdbfc10 to 0x000000010fdbfd19

Events (10 events):
Event: 8.663 loading class java/nio/channels/SeekableByteChannel
Event: 8.663 loading class java/nio/channels/ByteChannel
Event: 8.663 loading class java/nio/channels/ReadableByteChannel
Event: 8.663 loading class java/nio/channels/ReadableByteChannel done
Event: 8.663 loading class java/nio/channels/ByteChannel done
Event: 8.663 loading class java/nio/channels/SeekableByteChannel done
Event: 8.663 loading class java/nio/channels/GatheringByteChannel
Event: 8.664 loading class java/nio/channels/GatheringByteChannel done
Event: 8.664 loading class java/nio/channels/ScatteringByteChannel
Event: 8.664 loading class java/nio/channels/ScatteringByteChannel done


Dynamic libraries:
0x00000000014d2000 	/System/Library/Frameworks/Cocoa.framework/Versions/A/Cocoa
0x00000000014d2000 	/System/Library/Frameworks/Security.framework/Versions/A/Security
0x00000000014d2000 	/System/Library/Frameworks/ApplicationServices.framework/Versions/A/ApplicationServices
0x00000000014d2000 	/usr/lib/libz.1.dylib
0x00000000014d2000 	/usr/lib/libSystem.B.dylib
0x00000000014d2000 	/usr/lib/libobjc.A.dylib
0x00000000014d2000 	/System/Library/Frameworks/CoreFoundation.framework/Versions/A/CoreFoundation
0x00000000014d2000 	/System/Library/Frameworks/Foundation.framework/Versions/C/Foundation
0x00000000014d2000 	/System/Library/Frameworks/AppKit.framework/Versions/C/AppKit
0x00000000014d2000 	/System/Library/Frameworks/CoreData.framework/Versions/A/CoreData
0x00000000014d2000 	/System/Library/PrivateFrameworks/RemoteViewServices.framework/Versions/A/RemoteViewServices
0x00000000014d2000 	/System/Library/PrivateFrameworks/UIFoundation.framework/Versions/A/UIFoundation
0x00000000014d2000 	/System/Library/PrivateFrameworks/DFRFoundation.framework/Versions/A/DFRFoundation
0x00000000014d2000 	/System/Library/Frameworks/Metal.framework/Versions/A/Metal
0x00000000014d2000 	/System/Library/PrivateFrameworks/DesktopServicesPriv.framework/Versions/A/DesktopServicesPriv
0x00000000014d2000 	/usr/lib/libenergytrace.dylib
0x00000000014d2000 	/System/Library/PrivateFrameworks/SkyLight.framework/Versions/A/SkyLight
0x00000000014d2000 	/System/Library/Frameworks/CoreGraphics.framework/Versions/A/CoreGraphics
0x00000000014d2000 	/usr/lib/libScreenReader.dylib
0x00000000014d2000 	/System/Library/Frameworks/Accelerate.framework/Versions/A/Accelerate
0x00000000014d2000 	/System/Library/Frameworks/IOSurface.framework/Versions/A/IOSurface
0x00000000014d2000 	/System/Library/Frameworks/AudioToolbox.framework/Versions/A/AudioToolbox
0x00000000014d2000 	/System/Library/Frameworks/AudioUnit.framework/Versions/A/AudioUnit
0x00000000014d2000 	/System/Library/PrivateFrameworks/DataDetectorsCore.framework/Versions/A/DataDetectorsCore
0x00000000014d2000 	/System/Library/Frameworks/Carbon.framework/Versions/A/Frameworks/HIToolbox.framework/Versions/A/HIToolbox
0x00000000014d2000 	/usr/lib/libicucore.A.dylib
0x00000000014d2000 	/System/Library/Frameworks/QuartzCore.framework/Versions/A/QuartzCore
0x00000000014d2000 	/System/Library/PrivateFrameworks/SignpostNotification.framework/Versions/A/SignpostNotification
0x00000000014d2000 	/System/Library/Frameworks/Carbon.framework/Versions/A/Frameworks/SpeechRecognition.framework/Versions/A/SpeechRecognition
0x00000000014d2000 	/usr/lib/libauto.dylib
0x00000000014d2000 	/usr/lib/libxml2.2.dylib
0x00000000014d2000 	/System/Library/PrivateFrameworks/CoreUI.framework/Versions/A/CoreUI
0x00000000014d2000 	/System/Library/Frameworks/CoreAudio.framework/Versions/A/CoreAudio
0x00000000014d2000 	/System/Library/Frameworks/DiskArbitration.framework/Versions/A/DiskArbitration
0x00000000014d2000 	/usr/lib/liblangid.dylib
0x00000000014d2000 	/System/Library/PrivateFrameworks/MultitouchSupport.framework/Versions/A/MultitouchSupport
0x00000000014d2000 	/System/Library/Frameworks/IOKit.framework/Versions/A/IOKit
0x00000000014d2000 	/usr/lib/libDiagnosticMessagesClient.dylib
0x00000000014d2000 	/System/Library/Frameworks/CoreServices.framework/Versions/A/CoreServices
0x00000000014d2000 	/System/Library/PrivateFrameworks/PerformanceAnalysis.framework/Versions/A/PerformanceAnalysis
0x00000000014d2000 	/System/Library/Frameworks/OpenGL.framework/Versions/A/OpenGL
0x00000000014d2000 	/System/Library/Frameworks/ColorSync.framework/Versions/A/ColorSync
0x00000000014d2000 	/System/Library/Frameworks/CoreImage.framework/Versions/A/CoreImage
0x00000000014d2000 	/System/Library/Frameworks/CoreText.framework/Versions/A/CoreText
0x00000000014d2000 	/System/Library/Frameworks/ImageIO.framework/Versions/A/ImageIO
0x00000000014d2000 	/System/Library/PrivateFrameworks/Backup.framework/Versions/A/Backup
0x00000000014d2000 	/usr/lib/libarchive.2.dylib
0x00000000014d2000 	/System/Library/Frameworks/CFNetwork.framework/Versions/A/CFNetwork
0x00000000014d2000 	/System/Library/Frameworks/SystemConfiguration.framework/Versions/A/SystemConfiguration
0x00000000014d2000 	/usr/lib/libCRFSuite.dylib
0x00000000014d2000 	/usr/lib/libc++.1.dylib
0x00000000014d2000 	/usr/lib/libc++abi.dylib
0x00000000014d2000 	/usr/lib/system/libcache.dylib
0x00000000014d2000 	/usr/lib/system/libcommonCrypto.dylib
0x00000000014d2000 	/usr/lib/system/libcompiler_rt.dylib
0x00000000014d2000 	/usr/lib/system/libcopyfile.dylib
0x00000000014d2000 	/usr/lib/system/libcorecrypto.dylib
0x00000000014d2000 	/usr/lib/system/libdispatch.dylib
0x00000000014d2000 	/usr/lib/system/libdyld.dylib
0x00000000014d2000 	/usr/lib/system/libkeymgr.dylib
0x00000000014d2000 	/usr/lib/system/liblaunch.dylib
0x00000000014d2000 	/usr/lib/system/libmacho.dylib
0x00000000014d2000 	/usr/lib/system/libquarantine.dylib
0x00000000014d2000 	/usr/lib/system/libremovefile.dylib
0x00000000014d2000 	/usr/lib/system/libsystem_asl.dylib
0x00000000014d2000 	/usr/lib/system/libsystem_blocks.dylib
0x00000000014d2000 	/usr/lib/system/libsystem_c.dylib
0x00000000014d2000 	/usr/lib/system/libsystem_configuration.dylib
0x00000000014d2000 	/usr/lib/system/libsystem_coreservices.dylib
0x00000000014d2000 	/usr/lib/system/libsystem_darwin.dylib
0x00000000014d2000 	/usr/lib/system/libsystem_dnssd.dylib
0x00000000014d2000 	/usr/lib/system/libsystem_info.dylib
0x00000000014d2000 	/usr/lib/system/libsystem_m.dylib
0x00000000014d2000 	/usr/lib/system/libsystem_malloc.dylib
0x00000000014d2000 	/usr/lib/system/libsystem_network.dylib
0x00000000014d2000 	/usr/lib/system/libsystem_networkextension.dylib
0x00000000014d2000 	/usr/lib/system/libsystem_notify.dylib
0x00000000014d2000 	/usr/lib/system/libsystem_sandbox.dylib
0x00000000014d2000 	/usr/lib/system/libsystem_secinit.dylib
0x00000000014d2000 	/usr/lib/system/libsystem_kernel.dylib
0x00000000014d2000 	/usr/lib/system/libsystem_platform.dylib
0x00000000014d2000 	/usr/lib/system/libsystem_pthread.dylib
0x00000000014d2000 	/usr/lib/system/libsystem_symptoms.dylib
0x00000000014d2000 	/usr/lib/system/libsystem_trace.dylib
0x00000000014d2000 	/usr/lib/system/libunwind.dylib
0x00000000014d2000 	/usr/lib/system/libxpc.dylib
0x00000000014d2000 	/usr/lib/closure/libclosured.dylib
0x00000000014d2000 	/usr/lib/libbsm.0.dylib
0x00000000014d2000 	/usr/lib/system/libkxld.dylib
0x00000000014d2000 	/usr/lib/libOpenScriptingUtil.dylib
0x00000000014d2000 	/usr/lib/libcoretls.dylib
0x00000000014d2000 	/usr/lib/libcoretls_cfhelpers.dylib
0x00000000014d2000 	/usr/lib/libpam.2.dylib
0x00000000014d2000 	/usr/lib/libsqlite3.dylib
0x00000000014d2000 	/usr/lib/libxar.1.dylib
0x00000000014d2000 	/usr/lib/libbz2.1.0.dylib
0x00000000014d2000 	/usr/lib/liblzma.5.dylib
0x00000000014d2000 	/usr/lib/libnetwork.dylib
0x00000000014d2000 	/usr/lib/libapple_nghttp2.dylib
0x00000000014d2000 	/usr/lib/libpcap.A.dylib
0x00000000014d2000 	/usr/lib/libboringssl.dylib
0x00000000014d2000 	/usr/lib/libusrtcp.dylib
0x00000000014d2000 	/usr/lib/libapple_crypto.dylib
0x00000000014d2000 	/System/Library/Frameworks/CoreServices.framework/Versions/A/Frameworks/FSEvents.framework/Versions/A/FSEvents
0x00000000014d2000 	/System/Library/Frameworks/CoreServices.framework/Versions/A/Frameworks/CarbonCore.framework/Versions/A/CarbonCore
0x00000000014d2000 	/System/Library/Frameworks/CoreServices.framework/Versions/A/Frameworks/Metadata.framework/Versions/A/Metadata
0x00000000014d2000 	/System/Library/Frameworks/CoreServices.framework/Versions/A/Frameworks/OSServices.framework/Versions/A/OSServices
0x00000000014d2000 	/System/Library/Frameworks/CoreServices.framework/Versions/A/Frameworks/SearchKit.framework/Versions/A/SearchKit
0x00000000014d2000 	/System/Library/Frameworks/CoreServices.framework/Versions/A/Frameworks/AE.framework/Versions/A/AE
0x00000000014d2000 	/System/Library/Frameworks/CoreServices.framework/Versions/A/Frameworks/LaunchServices.framework/Versions/A/LaunchServices
0x00000000014d2000 	/System/Library/Frameworks/CoreServices.framework/Versions/A/Frameworks/DictionaryServices.framework/Versions/A/DictionaryServices
0x00000000014d2000 	/System/Library/Frameworks/CoreServices.framework/Versions/A/Frameworks/SharedFileList.framework/Versions/A/SharedFileList
0x00000000014d2000 	/System/Library/Frameworks/NetFS.framework/Versions/A/NetFS
0x00000000014d2000 	/System/Library/PrivateFrameworks/NetAuth.framework/Versions/A/NetAuth
0x00000000014d2000 	/System/Library/PrivateFrameworks/login.framework/Versions/A/Frameworks/loginsupport.framework/Versions/A/loginsupport
0x00000000014d2000 	/System/Library/PrivateFrameworks/TCC.framework/Versions/A/TCC
0x00000000014d2000 	/usr/lib/libmecabra.dylib
0x00000000014d2000 	/System/Library/Frameworks/ApplicationServices.framework/Versions/A/Frameworks/ATS.framework/Versions/A/ATS
0x00000000014d2000 	/System/Library/Frameworks/ApplicationServices.framework/Versions/A/Frameworks/ColorSyncLegacy.framework/Versions/A/ColorSyncLegacy
0x00000000014d2000 	/System/Library/Frameworks/ApplicationServices.framework/Versions/A/Frameworks/HIServices.framework/Versions/A/HIServices
0x00000000014d2000 	/System/Library/Frameworks/ApplicationServices.framework/Versions/A/Frameworks/LangAnalysis.framework/Versions/A/LangAnalysis
0x00000000014d2000 	/System/Library/Frameworks/ApplicationServices.framework/Versions/A/Frameworks/PrintCore.framework/Versions/A/PrintCore
0x00000000014d2000 	/System/Library/Frameworks/ApplicationServices.framework/Versions/A/Frameworks/QD.framework/Versions/A/QD
0x00000000014d2000 	/System/Library/Frameworks/ApplicationServices.framework/Versions/A/Frameworks/SpeechSynthesis.framework/Versions/A/SpeechSynthesis
0x00000000014d2000 	/System/Library/Frameworks/CoreDisplay.framework/Versions/A/CoreDisplay
0x00000000014d2000 	/System/Library/Frameworks/Accelerate.framework/Versions/A/Frameworks/vImage.framework/Versions/A/vImage
0x00000000014d2000 	/System/Library/Frameworks/Accelerate.framework/Versions/A/Frameworks/vecLib.framework/Versions/A/vecLib
0x00000000014d2000 	/System/Library/Frameworks/Accelerate.framework/Versions/A/Frameworks/vecLib.framework/Versions/A/libvDSP.dylib
0x00000000014d2000 	/System/Library/Frameworks/Accelerate.framework/Versions/A/Frameworks/vecLib.framework/Versions/A/libBNNS.dylib
0x00000000014d2000 	/System/Library/Frameworks/Accelerate.framework/Versions/A/Frameworks/vecLib.framework/Versions/A/libQuadrature.dylib
0x00000000014d2000 	/System/Library/Frameworks/Accelerate.framework/Versions/A/Frameworks/vecLib.framework/Versions/A/libvMisc.dylib
0x00000000014d2000 	/System/Library/Frameworks/Accelerate.framework/Versions/A/Frameworks/vecLib.framework/Versions/A/libLAPACK.dylib
0x00000000014d2000 	/System/Library/Frameworks/Accelerate.framework/Versions/A/Frameworks/vecLib.framework/Versions/A/libBLAS.dylib
0x00000000014d2000 	/System/Library/Frameworks/Accelerate.framework/Versions/A/Frameworks/vecLib.framework/Versions/A/libLinearAlgebra.dylib
0x00000000014d2000 	/System/Library/Frameworks/Accelerate.framework/Versions/A/Frameworks/vecLib.framework/Versions/A/libSparse.dylib
0x00000000014d2000 	/System/Library/Frameworks/Accelerate.framework/Versions/A/Frameworks/vecLib.framework/Versions/A/libSparseBLAS.dylib
0x00000000014d2000 	/System/Library/PrivateFrameworks/GPUWrangler.framework/Versions/A/GPUWrangler
0x00000000014d2000 	/System/Library/PrivateFrameworks/IOAccelerator.framework/Versions/A/IOAccelerator
0x00000000014d2000 	/System/Library/PrivateFrameworks/IOPresentment.framework/Versions/A/IOPresentment
0x00000000014d2000 	/System/Library/PrivateFrameworks/DSExternalDisplay.framework/Versions/A/DSExternalDisplay
0x00000000014d2000 	/System/Library/Frameworks/OpenGL.framework/Versions/A/Libraries/libCoreFSCache.dylib
0x00000000014d2000 	/System/Library/Frameworks/CoreVideo.framework/Versions/A/CoreVideo
0x00000000014d2000 	/System/Library/PrivateFrameworks/GraphVisualizer.framework/Versions/A/GraphVisualizer
0x00000000014d2000 	/System/Library/Frameworks/MetalPerformanceShaders.framework/Versions/A/MetalPerformanceShaders
0x00000000014d2000 	/usr/lib/libFosl_dynamic.dylib
0x00000000014d2000 	/System/Library/PrivateFrameworks/FaceCore.framework/Versions/A/FaceCore
0x00000000014d2000 	/System/Library/Frameworks/OpenCL.framework/Versions/A/OpenCL
0x00000000014d2000 	/usr/lib/libcompression.dylib
0x00000000014d2000 	/System/Library/Frameworks/ApplicationServices.framework/Versions/A/Frameworks/ATS.framework/Versions/A/Resources/libFontParser.dylib
0x00000000014d2000 	/System/Library/Frameworks/ApplicationServices.framework/Versions/A/Frameworks/ATS.framework/Versions/A/Resources/libFontRegistry.dylib
0x00000000014d2000 	/System/Library/Frameworks/ImageIO.framework/Versions/A/Resources/libJPEG.dylib
0x00000000014d2000 	/System/Library/Frameworks/ImageIO.framework/Versions/A/Resources/libTIFF.dylib
0x00000000014d2000 	/System/Library/Frameworks/ImageIO.framework/Versions/A/Resources/libPng.dylib
0x00000000014d2000 	/System/Library/Frameworks/ImageIO.framework/Versions/A/Resources/libGIF.dylib
0x00000000014d2000 	/System/Library/Frameworks/ImageIO.framework/Versions/A/Resources/libJP2.dylib
0x00000000014d2000 	/System/Library/Frameworks/ImageIO.framework/Versions/A/Resources/libRadiance.dylib
0x00000000014d2000 	/System/Library/PrivateFrameworks/AppleJPEG.framework/Versions/A/AppleJPEG
0x00000000014d2000 	/System/Library/Frameworks/MetalPerformanceShaders.framework/Frameworks/MPSCore.framework/Versions/A/MPSCore
0x00000000014d2000 	/System/Library/Frameworks/MetalPerformanceShaders.framework/Frameworks/MPSImage.framework/Versions/A/MPSImage
0x00000000014d2000 	/System/Library/Frameworks/MetalPerformanceShaders.framework/Frameworks/MPSNeuralNetwork.framework/Versions/A/MPSNeuralNetwork
0x00000000014d2000 	/System/Library/Frameworks/MetalPerformanceShaders.framework/Frameworks/MPSMatrix.framework/Versions/A/MPSMatrix
0x00000000014d2000 	/System/Library/PrivateFrameworks/MetalTools.framework/Versions/A/MetalTools
0x00000000014d2000 	/System/Library/Frameworks/OpenGL.framework/Versions/A/Libraries/libGLU.dylib
0x00000000014d2000 	/System/Library/Frameworks/OpenGL.framework/Versions/A/Libraries/libGFXShared.dylib
0x00000000014d2000 	/System/Library/Frameworks/OpenGL.framework/Versions/A/Libraries/libGL.dylib
0x00000000014d2000 	/System/Library/Frameworks/OpenGL.framework/Versions/A/Libraries/libGLImage.dylib
0x00000000014d2000 	/System/Library/Frameworks/OpenGL.framework/Versions/A/Libraries/libCVMSPluginSupport.dylib
0x00000000014d2000 	/System/Library/Frameworks/OpenGL.framework/Versions/A/Libraries/libCoreVMClient.dylib
0x00000000014d2000 	/usr/lib/libcups.2.dylib
0x00000000014d2000 	/System/Library/Frameworks/Kerberos.framework/Versions/A/Kerberos
0x00000000014d2000 	/System/Library/Frameworks/GSS.framework/Versions/A/GSS
0x00000000014d2000 	/usr/lib/libresolv.9.dylib
0x00000000014d2000 	/usr/lib/libiconv.2.dylib
0x00000000014d2000 	/System/Library/PrivateFrameworks/Heimdal.framework/Versions/A/Heimdal
0x00000000014d2000 	/usr/lib/libheimdal-asn1.dylib
0x00000000014d2000 	/System/Library/Frameworks/OpenDirectory.framework/Versions/A/OpenDirectory
0x00000000014d2000 	/System/Library/PrivateFrameworks/CommonAuth.framework/Versions/A/CommonAuth
0x00000000014d2000 	/System/Library/Frameworks/OpenDirectory.framework/Versions/A/Frameworks/CFOpenDirectory.framework/Versions/A/CFOpenDirectory
0x00000000014d2000 	/System/Library/Frameworks/SecurityFoundation.framework/Versions/A/SecurityFoundation
0x00000000014d2000 	/System/Library/PrivateFrameworks/APFS.framework/Versions/A/APFS
0x00000000014d2000 	/usr/lib/libutil.dylib
0x00000000014d2000 	/System/Library/PrivateFrameworks/AppleSauce.framework/Versions/A/AppleSauce
0x00000000014d2000 	/System/Library/PrivateFrameworks/LinguisticData.framework/Versions/A/LinguisticData
0x00000000014d2000 	/usr/lib/libmarisa.dylib
0x00000000014d2000 	/System/Library/PrivateFrameworks/Lexicon.framework/Versions/A/Lexicon
0x00000000014d2000 	/usr/lib/libChineseTokenizer.dylib
0x00000000014d2000 	/usr/lib/libcmph.dylib
0x00000000014d2000 	/System/Library/PrivateFrameworks/LanguageModeling.framework/Versions/A/LanguageModeling
0x00000000014d2000 	/System/Library/PrivateFrameworks/CoreEmoji.framework/Versions/A/CoreEmoji
0x00000000014d2000 	/System/Library/Frameworks/ServiceManagement.framework/Versions/A/ServiceManagement
0x00000000014d2000 	/System/Library/PrivateFrameworks/BackgroundTaskManagement.framework/Versions/A/BackgroundTaskManagement
0x00000000014d2000 	/usr/lib/libxslt.1.dylib
0x00000000014d2000 	/System/Library/Frameworks/Carbon.framework/Versions/A/Frameworks/Ink.framework/Versions/A/Ink
0x00000000014d2000 	/System/Library/PrivateFrameworks/TextureIO.framework/Versions/A/TextureIO
0x00000000014d2000 	/usr/lib/libate.dylib
0x00000000014d2000 	/System/Library/PrivateFrameworks/CrashReporterSupport.framework/Versions/A/CrashReporterSupport
0x00000000014d2000 	/System/Library/PrivateFrameworks/Sharing.framework/Versions/A/Sharing
0x00000000014d2000 	/System/Library/PrivateFrameworks/IconServices.framework/Versions/A/IconServices
0x00000000014d2000 	/System/Library/PrivateFrameworks/AuthKit.framework/Versions/A/AuthKit
0x00000000014d2000 	/System/Library/PrivateFrameworks/Apple80211.framework/Versions/A/Apple80211
0x00000000014d2000 	/System/Library/PrivateFrameworks/CoreUtils.framework/Versions/A/CoreUtils
0x00000000014d2000 	/System/Library/Frameworks/CoreWLAN.framework/Versions/A/CoreWLAN
0x00000000014d2000 	/System/Library/Frameworks/IOBluetooth.framework/Versions/A/IOBluetooth
0x00000000014d2000 	/System/Library/PrivateFrameworks/ProtocolBuffer.framework/Versions/A/ProtocolBuffer
0x00000000014d2000 	/System/Library/PrivateFrameworks/MobileKeyBag.framework/Versions/A/MobileKeyBag
0x00000000014d2000 	/System/Library/PrivateFrameworks/CorePhoneNumbers.framework/Versions/A/CorePhoneNumbers
0x00000000014d2000 	/System/Library/PrivateFrameworks/AppleIDAuthSupport.framework/Versions/A/AppleIDAuthSupport
0x00000000014d2000 	/System/Library/PrivateFrameworks/KeychainCircle.framework/Versions/A/KeychainCircle
0x00000000014d2000 	/System/Library/PrivateFrameworks/CoreWiFi.framework/Versions/A/CoreWiFi
0x00000000014d2000 	/System/Library/Frameworks/CoreBluetooth.framework/Versions/A/CoreBluetooth
0x00000000014d2000 	/System/Library/PrivateFrameworks/DebugSymbols.framework/Versions/A/DebugSymbols
0x00000000014d2000 	/System/Library/PrivateFrameworks/CoreSymbolication.framework/Versions/A/CoreSymbolication
0x00000000014d2000 	/System/Library/PrivateFrameworks/Symbolication.framework/Versions/A/Symbolication
0x00000000014d2000 	/System/Library/PrivateFrameworks/AppleFSCompression.framework/Versions/A/AppleFSCompression
0x00000000014d2000 	/System/Library/PrivateFrameworks/SpeechRecognitionCore.framework/Versions/A/SpeechRecognitionCore
0x0000000106200000 	/Library/Java/JavaVirtualMachines/jdk1.8.0_101.jdk/Contents/Home/jre/lib/server/libjvm.dylib
0x00000000014d2000 	/usr/lib/libstdc++.6.0.9.dylib
0x0000000105869000 	/Library/Java/JavaVirtualMachines/jdk1.8.0_101.jdk/Contents/Home/jre/lib/libverify.dylib
0x0000000105877000 	/Library/Java/JavaVirtualMachines/jdk1.8.0_101.jdk/Contents/Home/jre/lib/libjava.dylib
0x00000001058f6000 	/Library/Java/JavaVirtualMachines/jdk1.8.0_101.jdk/Contents/Home/jre/lib/libzip.dylib
0x00000000014d2000 	/System/Library/Frameworks/JavaVM.framework/Versions/A/Frameworks/JavaRuntimeSupport.framework/Versions/A/JavaRuntimeSupport
0x00000000014d2000 	/System/Library/Frameworks/JavaVM.framework/Versions/A/Frameworks/JavaNativeFoundation.framework/Versions/A/JavaNativeFoundation
0x00000000014d2000 	/System/Library/Frameworks/JavaVM.framework/Versions/A/JavaVM
0x00000000014d2000 	/System/Library/Frameworks/Carbon.framework/Versions/A/Carbon
0x00000000014d2000 	/System/Library/PrivateFrameworks/JavaLaunching.framework/Versions/A/JavaLaunching
0x00000000014d2000 	/System/Library/Frameworks/Carbon.framework/Versions/A/Frameworks/CommonPanels.framework/Versions/A/CommonPanels
0x00000000014d2000 	/System/Library/Frameworks/Carbon.framework/Versions/A/Frameworks/Help.framework/Versions/A/Help
0x00000000014d2000 	/System/Library/Frameworks/Carbon.framework/Versions/A/Frameworks/ImageCapture.framework/Versions/A/ImageCapture
0x00000000014d2000 	/System/Library/Frameworks/Carbon.framework/Versions/A/Frameworks/OpenScripting.framework/Versions/A/OpenScripting
0x00000000014d2000 	/System/Library/Frameworks/Carbon.framework/Versions/A/Frameworks/Print.framework/Versions/A/Print
0x00000000014d2000 	/System/Library/Frameworks/Carbon.framework/Versions/A/Frameworks/SecurityHI.framework/Versions/A/SecurityHI
0x000000010f463000 	/Library/Java/JavaVirtualMachines/jdk1.8.0_101.jdk/Contents/Home/jre/lib/libprism_es2.dylib
0x00000000014d2000 	/System/Library/PrivateFrameworks/CoreServicesInternal.framework/Versions/A/CoreServicesInternal
0x00000000014d2000 	/System/Library/Frameworks/OpenGL.framework/Versions/A/Resources/GLEngine.bundle/GLEngine
0x00000000014d2000 	/System/Library/Frameworks/OpenGL.framework/Versions/A/Libraries/libGLProgrammability.dylib
0x000000011e7d4000 	/System/Library/Extensions/AppleIntelBDWGraphicsGLDriver.bundle/Contents/MacOS/AppleIntelBDWGraphicsGLDriver
0x00000000014d2000 	/System/Library/PrivateFrameworks/GPUSupport.framework/Versions/A/Libraries/libGPUSupportMercury.dylib
0x00000000014d2000 	/System/Library/Frameworks/OpenGL.framework/Versions/A/Resources/GLRendererFloat.bundle/GLRendererFloat
0x00000000014d2000 	/System/Library/Frameworks/OpenCL.framework/Versions/A/Libraries/libcldcpuengine.dylib
0x00000000014d2000 	/usr/lib/libcrypto.35.dylib
0x00000000014d2000 	/System/Library/PrivateFrameworks/TrustEvaluationAgent.framework/Versions/A/TrustEvaluationAgent
0x000000011f14d000 	/Library/Java/JavaVirtualMachines/jdk1.8.0_101.jdk/Contents/Home/jre/lib/libglass.dylib
0x00000000014d2000 	/System/Library/CoreServices/RawCamera.bundle/Contents/MacOS/RawCamera
0x00000000014d2000 	/System/Library/PrivateFrameworks/MobileAsset.framework/Versions/A/MobileAsset
0x00000000014d2000 	/System/Library/PrivateFrameworks/StreamingZip.framework/Versions/A/StreamingZip
0x00000000014d2000 	/System/Library/Frameworks/MediaToolbox.framework/Versions/A/MediaToolbox
0x00000000014d2000 	/System/Library/PrivateFrameworks/CoreAVCHD.framework/Versions/A/CoreAVCHD
0x00000000014d2000 	/System/Library/Frameworks/MediaAccessibility.framework/Versions/A/MediaAccessibility
0x00000000014d2000 	/System/Library/PrivateFrameworks/Mangrove.framework/Versions/A/Mangrove
0x00000000014d2000 	/System/Library/Frameworks/CoreMedia.framework/Versions/A/CoreMedia
0x00000000014d2000 	/System/Library/Frameworks/VideoToolbox.framework/Versions/A/VideoToolbox
0x00000000014d2000 	/System/Library/PrivateFrameworks/CoreAUC.framework/Versions/A/CoreAUC
0x00000000014d2000 	/usr/lib/libspindump.dylib
0x00000000014d2000 	/System/Library/PrivateFrameworks/AppleVA.framework/Versions/A/AppleVA
0x00000000014d2000 	/System/Library/Frameworks/Accelerate.framework/Versions/A/Frameworks/vImage.framework/Versions/A/Libraries/libCGInterfaces.dylib
0x00000000014d2000 	/System/Library/PrivateFrameworks/FamilyControls.framework/Versions/A/FamilyControls
0x00000000014d2000 	/System/Library/PrivateFrameworks/CommerceKit.framework/Versions/A/Frameworks/CommerceCore.framework/Versions/A/CommerceCore
0x00000000014d2000 	/System/Library/PrivateFrameworks/SystemAdministration.framework/Versions/A/SystemAdministration
0x00000000014d2000 	/System/Library/PrivateFrameworks/AppContainer.framework/Versions/A/AppContainer
0x00000000014d2000 	/System/Library/PrivateFrameworks/SecCodeWrapper.framework/Versions/A/SecCodeWrapper
0x00000000014d2000 	/System/Library/PrivateFrameworks/DiskManagement.framework/Versions/A/DiskManagement
0x00000000014d2000 	/System/Library/Frameworks/DirectoryService.framework/Versions/A/DirectoryService
0x00000000014d2000 	/System/Library/PrivateFrameworks/DiskImages.framework/Versions/A/DiskImages
0x00000000014d2000 	/System/Library/PrivateFrameworks/LoginUIKit.framework/Versions/A/Frameworks/LoginUICore.framework/Versions/A/LoginUICore
0x00000000014d2000 	/usr/lib/libCoreStorage.dylib
0x00000000014d2000 	/usr/lib/libcsfde.dylib
0x00000000014d2000 	/usr/lib/libodfde.dylib
0x00000000014d2000 	/System/Library/PrivateFrameworks/MediaKit.framework/Versions/A/MediaKit
0x00000000014d2000 	/System/Library/Frameworks/DiscRecording.framework/Versions/A/DiscRecording
0x00000000014d2000 	/System/Library/PrivateFrameworks/EFILogin.framework/Versions/A/EFILogin
0x00000000014d2000 	/System/Library/PrivateFrameworks/ProtectedCloudStorage.framework/Versions/A/ProtectedCloudStorage
0x00000000014d2000 	/usr/lib/libcurl.4.dylib
0x00000000014d2000 	/usr/lib/libssl.35.dylib
0x00000000014d2000 	/System/Library/Frameworks/LDAP.framework/Versions/A/LDAP
0x00000000014d2000 	/usr/lib/libsasl2.2.dylib
0x00000000014d2000 	/System/Library/PrivateFrameworks/CoreDaemon.framework/Versions/B/CoreDaemon
0x00000000014d2000 	/System/Library/PrivateFrameworks/AppleSRP.framework/Versions/A/AppleSRP
0x000000011f62e000 	/Library/Java/JavaVirtualMachines/jdk1.8.0_101.jdk/Contents/Home/jre/lib/libjavafx_font.dylib
0x00000000014d2000 	/System/Library/Frameworks/ApplicationServices.framework/Versions/A/Frameworks/ATS.framework/Versions/A/Resources/libTrueTypeScaler.dylib
0x00000000014d2000 	/System/Library/Extensions/AppleIntelBDWGraphicsMTLDriver.bundle/Contents/MacOS/AppleIntelBDWGraphicsMTLDriver
0x00000000014d2000 	/System/Library/PrivateFrameworks/GPUCompiler.framework/Versions/3802/Libraries/libmetal_timestamp.dylib
0x00000000014d2000 	/System/Library/PrivateFrameworks/ViewBridge.framework/Versions/A/ViewBridge

VM Arguments:
jvm_args: -Dfile.encoding=UTF-8 
java_command: Main
java_class_path (initial): /Users/say_era/Downloads/RA3/bin:/Users/say_era/Downloads/RA3/src/jars/commons-codec-1.10.jar:/Users/say_era/Downloads/RA3/src/jars/commons-collections4-4.1.jar:/Users/say_era/Downloads/RA3/src/jars/commons-logging-1.2.jar:/Users/say_era/Downloads/RA3/src/jars/curvesapi-1.04.jar:/Users/say_era/Downloads/RA3/src/jars/fxgraphics2d-1.3.jar:/Users/say_era/Downloads/RA3/src/jars/google-guava.jar:/Users/say_era/Downloads/RA3/src/jars/hamcrest-core-1.3.jar:/Users/say_era/Downloads/RA3/src/jars/java-string-similarity-1.1.0.jar:/Users/say_era/Downloads/RA3/src/jars/jfreesvg-3.0.jar:/Users/say_era/Downloads/RA3/src/jars/jlatexmath-1.0.2.jar:/Users/say_era/Downloads/RA3/src/jars/joda-time-2.10.2.jar:/Users/say_era/Downloads/RA3/src/jars/junit-4.11.jar:/Users/say_era/Downloads/RA3/src/jars/junit-4.12.jar:/Users/say_era/Downloads/RA3/src/jars/log4j-1.2.17.jar:/Users/say_era/Downloads/RA3/src/jars/orsoncharts-1.5-swing-demo.jar:/Users/say_era/Downloads/RA3/src/jars/orsoncharts-1.5.jar:/Users/say_era/Downloads/RA3/src/jars/orsonpdf-1.7.jar:/Users/say_era/Downloads/RA3/src/jars/poi-3.17.jar:/Users/say_era/Downloads/RA3/src/jars/poi-examples-3.17.jar:/Users/say_era/Downloads/RA3/src/jars/poi-excelant-3.17.jar:/Users/say_era/Downloads/RA3/src/jars/poi-ooxml-3.17.jar:/Users/say_era/Downloads/RA3/src/jars/poi-ooxml-schemas-3.17.jar:/Users/say_era/Downloads/RA3/src/jars/poi-scratchpad-3.17.jar:/Users/say_era/Downloads/RA3/src/jars/xmlbeans-2.6.0.jar
Launcher Type: SUN_STANDARD

Environment Variables:
PATH=/usr/bin:/bin:/usr/sbin:/sbin
SHELL=/bin/bash

Signal Handlers:
SIGSEGV: [libjvm.dylib+0x5af145], sa_mask[0]=11111111011111110111111111111111, sa_flags=SA_ONSTACK|SA_RESTART|SA_SIGINFO
SIGBUS: [libjvm.dylib+0x5af145], sa_mask[0]=11111111011111110111111111111111, sa_flags=SA_RESTART|SA_SIGINFO
SIGFPE: [libjvm.dylib+0x48694c], sa_mask[0]=11111111011111110111111111111111, sa_flags=SA_RESTART|SA_SIGINFO
SIGPIPE: [libjvm.dylib+0x48694c], sa_mask[0]=11111111011111110111111111111111, sa_flags=SA_RESTART|SA_SIGINFO
SIGXFSZ: [libjvm.dylib+0x48694c], sa_mask[0]=11111111011111110111111111111111, sa_flags=SA_RESTART|SA_SIGINFO
SIGILL: [libjvm.dylib+0x48694c], sa_mask[0]=11111111011111110111111111111111, sa_flags=SA_RESTART|SA_SIGINFO
SIGUSR1: SIG_DFL, sa_mask[0]=00000000000000000000000000000000, sa_flags=none
SIGUSR2: [libjvm.dylib+0x48646a], sa_mask[0]=00100000000000000000000000000000, sa_flags=SA_RESTART|SA_SIGINFO
SIGHUP: [libjvm.dylib+0x484a41], sa_mask[0]=11111111011111110111111111111111, sa_flags=SA_RESTART|SA_SIGINFO
SIGINT: [libjvm.dylib+0x484a41], sa_mask[0]=11111111011111110111111111111111, sa_flags=SA_RESTART|SA_SIGINFO
SIGTERM: [libjvm.dylib+0x484a41], sa_mask[0]=11111111011111110111111111111111, sa_flags=SA_RESTART|SA_SIGINFO
SIGQUIT: [libjvm.dylib+0x484a41], sa_mask[0]=11111111011111110111111111111111, sa_flags=SA_RESTART|SA_SIGINFO


---------------  S Y S T E M  ---------------

OS:Bsduname:Darwin 17.7.0 Darwin Kernel Version 17.7.0: Wed Apr 24 21:17:24 PDT 2019; root:xnu-4570.71.45~1/RELEASE_X86_64 x86_64
rlimit: STACK 8192k, CORE 0k, NPROC 709, NOFILE 10240, AS infinity
load average:11.69 7.59 4.63

CPU:total 4 (2 cores per cpu, 2 threads per core) family 6 model 61 stepping 4, cmov, cx8, fxsr, mmx, sse, sse2, sse3, ssse3, sse4.1, sse4.2, popcnt, avx, avx2, aes, clmul, erms, 3dnowpref, lzcnt, ht, tsc, tscinvbit, bmi1, bmi2, adx

Memory: 4k page, physical 8388608k(22072k free)

/proc/meminfo:


vm_info: Java HotSpot(TM) 64-Bit Server VM (25.101-b13) for bsd-amd64 JRE (1.8.0_101-b13), built on Jun 22 2016 02:42:15 by "java_re" with gcc 4.2.1 (Based on Apple Inc. build 5658) (LLVM build 2336.11.00)

time: Mon Sep 23 02:31:27 2019
elapsed time: 8 seconds (0d 0h 0m 8s)

